[0.445s] DEBUG:colcon:Command line arguments: ['/usr/bin/colcon', 'build']
[0.446s] DEBUG:colcon:Parsed command line arguments: Namespace(log_base=None, log_level=None, verb_name='build', build_base='build', install_base='install', merge_install=False, symlink_install=False, test_result_base=None, continue_on_error=False, executor='parallel', parallel_workers=4, event_handlers=None, ignore_user_meta=False, metas=['./colcon.meta'], base_paths=['.'], packages_ignore=None, packages_ignore_regex=None, paths=None, packages_up_to=None, packages_up_to_regex=None, packages_above=None, packages_above_and_dependencies=None, packages_above_depth=None, packages_select_by_dep=None, packages_skip_by_dep=None, packages_skip_up_to=None, packages_select_build_failed=False, packages_skip_build_finished=False, packages_select_test_failures=False, packages_skip_test_passed=False, packages_select=None, packages_skip=None, packages_select_regex=None, packages_skip_regex=None, packages_start=None, packages_end=None, allow_overriding=[], cmake_args=None, cmake_target=None, cmake_target_skip_unavailable=False, cmake_clean_cache=False, cmake_clean_first=False, cmake_force_configure=False, ament_cmake_args=None, catkin_cmake_args=None, catkin_skip_building_tests=False, verb_parser=<colcon_defaults.argument_parser.defaults.DefaultArgumentsDecorator object at 0xffff7f29bac0>, verb_extension=<colcon_core.verb.build.BuildVerb object at 0xffff7f3dcee0>, main=<bound method BuildVerb.main of <colcon_core.verb.build.BuildVerb object at 0xffff7f3dcee0>>)
[1.252s] Level 1:colcon.colcon_core.package_discovery:discover_packages(colcon_meta) check parameters
[1.252s] Level 1:colcon.colcon_core.package_discovery:discover_packages(recursive) check parameters
[1.252s] Level 1:colcon.colcon_core.package_discovery:discover_packages(ignore) check parameters
[1.253s] Level 1:colcon.colcon_core.package_discovery:discover_packages(path) check parameters
[1.253s] Level 1:colcon.colcon_core.package_discovery:discover_packages(colcon_meta) discover
[1.253s] Level 1:colcon.colcon_core.package_discovery:discover_packages(recursive) discover
[1.253s] INFO:colcon.colcon_core.package_discovery:Crawling recursively for packages in '/home/kk/kk_ws/src/strider_package'
[1.254s] Level 1:colcon.colcon_core.package_identification:_identify(.) by extensions ['ignore', 'ignore_ament_install']
[1.254s] Level 1:colcon.colcon_core.package_identification:_identify(.) by extension 'ignore'
[1.254s] Level 1:colcon.colcon_core.package_identification:_identify(.) by extension 'ignore_ament_install'
[1.255s] Level 1:colcon.colcon_core.package_identification:_identify(.) by extensions ['colcon_pkg']
[1.255s] Level 1:colcon.colcon_core.package_identification:_identify(.) by extension 'colcon_pkg'
[1.255s] Level 1:colcon.colcon_core.package_identification:_identify(.) by extensions ['colcon_meta']
[1.255s] Level 1:colcon.colcon_core.package_identification:_identify(.) by extension 'colcon_meta'
[1.255s] Level 1:colcon.colcon_core.package_identification:_identify(.) by extensions ['ros']
[1.255s] Level 1:colcon.colcon_core.package_identification:_identify(.) by extension 'ros'
[1.311s] DEBUG:colcon.colcon_core.package_identification:Package '.' with type 'ros.ament_python' and name 'strider_package'
[1.312s] Level 1:colcon.colcon_core.package_discovery:discover_packages(recursive) using defaults
[1.312s] Level 1:colcon.colcon_core.package_discovery:discover_packages(ignore) discover
[1.312s] Level 1:colcon.colcon_core.package_discovery:discover_packages(ignore) using defaults
[1.312s] Level 1:colcon.colcon_core.package_discovery:discover_packages(path) discover
[1.312s] Level 1:colcon.colcon_core.package_discovery:discover_packages(path) using defaults
[1.390s] Level 1:colcon.colcon_core.package_discovery:discover_packages(prefix_path) check parameters
[1.391s] Level 1:colcon.colcon_core.package_discovery:discover_packages(prefix_path) discover
[1.401s] DEBUG:colcon.colcon_installed_package_information.package_discovery:Found 5 installed packages in /home/kk/kk_ws/install
[1.410s] DEBUG:colcon.colcon_installed_package_information.package_discovery:Found 275 installed packages in /opt/ros/humble
[1.420s] Level 1:colcon.colcon_core.package_discovery:discover_packages(prefix_path) using defaults
[1.626s] Level 5:colcon.colcon_core.verb:set package 'strider_package' build argument 'cmake_args' from command line to 'None'
[1.626s] Level 5:colcon.colcon_core.verb:set package 'strider_package' build argument 'cmake_target' from command line to 'None'
[1.626s] Level 5:colcon.colcon_core.verb:set package 'strider_package' build argument 'cmake_target_skip_unavailable' from command line to 'False'
[1.626s] Level 5:colcon.colcon_core.verb:set package 'strider_package' build argument 'cmake_clean_cache' from command line to 'False'
[1.626s] Level 5:colcon.colcon_core.verb:set package 'strider_package' build argument 'cmake_clean_first' from command line to 'False'
[1.627s] Level 5:colcon.colcon_core.verb:set package 'strider_package' build argument 'cmake_force_configure' from command line to 'False'
[1.627s] Level 5:colcon.colcon_core.verb:set package 'strider_package' build argument 'ament_cmake_args' from command line to 'None'
[1.627s] Level 5:colcon.colcon_core.verb:set package 'strider_package' build argument 'catkin_cmake_args' from command line to 'None'
[1.627s] Level 5:colcon.colcon_core.verb:set package 'strider_package' build argument 'catkin_skip_building_tests' from command line to 'False'
[1.627s] DEBUG:colcon.colcon_core.verb:Building package 'strider_package' with the following arguments: {'ament_cmake_args': None, 'build_base': '/home/kk/kk_ws/src/strider_package/build/strider_package', 'catkin_cmake_args': None, 'catkin_skip_building_tests': False, 'cmake_args': None, 'cmake_clean_cache': False, 'cmake_clean_first': False, 'cmake_force_configure': False, 'cmake_target': None, 'cmake_target_skip_unavailable': False, 'install_base': '/home/kk/kk_ws/src/strider_package/install/strider_package', 'merge_install': False, 'path': '/home/kk/kk_ws/src/strider_package', 'symlink_install': False, 'test_result_base': None}
[1.628s] INFO:colcon.colcon_core.executor:Executing jobs using 'parallel' executor
[1.631s] DEBUG:colcon.colcon_parallel_executor.executor.parallel:run_until_complete
[1.632s] INFO:colcon.colcon_ros.task.ament_python.build:Building ROS package in '/home/kk/kk_ws/src/strider_package' with build type 'ament_python'
[1.633s] Level 1:colcon.colcon_core.shell:create_environment_hook('strider_package', 'ament_prefix_path')
[1.642s] INFO:colcon.colcon_core.plugin_system:Skipping extension 'colcon_core.shell.bat': Not used on non-Windows systems
[1.643s] INFO:colcon.colcon_core.shell:Creating environment hook '/home/kk/kk_ws/src/strider_package/install/strider_package/share/strider_package/hook/ament_prefix_path.ps1'
[1.646s] INFO:colcon.colcon_core.shell:Creating environment descriptor '/home/kk/kk_ws/src/strider_package/install/strider_package/share/strider_package/hook/ament_prefix_path.dsv'
[1.648s] INFO:colcon.colcon_core.shell:Creating environment hook '/home/kk/kk_ws/src/strider_package/install/strider_package/share/strider_package/hook/ament_prefix_path.sh'
[1.652s] INFO:colcon.colcon_core.shell:Skip shell extension 'powershell' for command environment: Not usable outside of PowerShell
[1.652s] DEBUG:colcon.colcon_core.shell:Skip shell extension 'dsv' for command environment
[2.875s] INFO:colcon.colcon_core.task.python.build:Building Python package in '/home/kk/kk_ws/src/strider_package'
[2.876s] INFO:colcon.colcon_core.shell:Skip shell extension 'powershell' for command environment: Not usable outside of PowerShell
[2.876s] DEBUG:colcon.colcon_core.shell:Skip shell extension 'dsv' for command environment
[4.629s] DEBUG:colcon.colcon_core.event_handler.log_command:Invoking command in '/home/kk/kk_ws/src/strider_package': PYTHONPATH=/home/kk/kk_ws/src/strider_package/build/strider_package/prefix_override:/usr/lib/python3/dist-packages/colcon_core/task/python/colcon_distutils_commands:/home/kk/kk_ws/src/strider_package/install/strider_package/lib/python3.10/site-packages:${PYTHONPATH} /usr/bin/python3 -W ignore:setup.py install is deprecated -W ignore:easy_install command is deprecated setup.py egg_info --egg-base build/strider_package build --build-base /home/kk/kk_ws/src/strider_package/build/strider_package/build install --record /home/kk/kk_ws/src/strider_package/build/strider_package/install.log --single-version-externally-managed install_data
[6.015s] DEBUG:colcon.colcon_core.event_handler.log_command:Invoked command in '/home/kk/kk_ws/src/strider_package' returned '0': PYTHONPATH=/home/kk/kk_ws/src/strider_package/build/strider_package/prefix_override:/usr/lib/python3/dist-packages/colcon_core/task/python/colcon_distutils_commands:/home/kk/kk_ws/src/strider_package/install/strider_package/lib/python3.10/site-packages:${PYTHONPATH} /usr/bin/python3 -W ignore:setup.py install is deprecated -W ignore:easy_install command is deprecated setup.py egg_info --egg-base build/strider_package build --build-base /home/kk/kk_ws/src/strider_package/build/strider_package/build install --record /home/kk/kk_ws/src/strider_package/build/strider_package/install.log --single-version-externally-managed install_data
[6.028s] Level 1:colcon.colcon_core.environment:checking '/home/kk/kk_ws/src/strider_package/install/strider_package' for CMake module files
[6.030s] Level 1:colcon.colcon_core.environment:checking '/home/kk/kk_ws/src/strider_package/install/strider_package' for CMake config files
[6.034s] Level 1:colcon.colcon_core.environment:checking '/home/kk/kk_ws/src/strider_package/install/strider_package/lib'
[6.035s] Level 1:colcon.colcon_core.environment:checking '/home/kk/kk_ws/src/strider_package/install/strider_package/bin'
[6.036s] Level 1:colcon.colcon_core.environment:checking '/home/kk/kk_ws/src/strider_package/install/strider_package/lib/pkgconfig/strider_package.pc'
[6.037s] Level 1:colcon.colcon_core.environment:checking '/home/kk/kk_ws/src/strider_package/install/strider_package/lib/python3.10/site-packages'
[6.037s] Level 1:colcon.colcon_core.shell:create_environment_hook('strider_package', 'pythonpath')
[6.038s] INFO:colcon.colcon_core.shell:Creating environment hook '/home/kk/kk_ws/src/strider_package/install/strider_package/share/strider_package/hook/pythonpath.ps1'
[6.040s] INFO:colcon.colcon_core.shell:Creating environment descriptor '/home/kk/kk_ws/src/strider_package/install/strider_package/share/strider_package/hook/pythonpath.dsv'
[6.043s] INFO:colcon.colcon_core.shell:Creating environment hook '/home/kk/kk_ws/src/strider_package/install/strider_package/share/strider_package/hook/pythonpath.sh'
[6.045s] Level 1:colcon.colcon_core.environment:checking '/home/kk/kk_ws/src/strider_package/install/strider_package/bin'
[6.046s] Level 1:colcon.colcon_core.environment:create_environment_scripts_only(strider_package)
[6.047s] INFO:colcon.colcon_core.shell:Creating package script '/home/kk/kk_ws/src/strider_package/install/strider_package/share/strider_package/package.ps1'
[6.051s] INFO:colcon.colcon_core.shell:Creating package descriptor '/home/kk/kk_ws/src/strider_package/install/strider_package/share/strider_package/package.dsv'
[6.053s] INFO:colcon.colcon_core.shell:Creating package script '/home/kk/kk_ws/src/strider_package/install/strider_package/share/strider_package/package.sh'
[6.057s] INFO:colcon.colcon_core.shell:Creating package script '/home/kk/kk_ws/src/strider_package/install/strider_package/share/strider_package/package.bash'
[6.061s] INFO:colcon.colcon_core.shell:Creating package script '/home/kk/kk_ws/src/strider_package/install/strider_package/share/strider_package/package.zsh'
[6.065s] Level 1:colcon.colcon_core.environment:create_file_with_runtime_dependencies(/home/kk/kk_ws/src/strider_package/install/strider_package/share/colcon-core/packages/strider_package)
[6.066s] DEBUG:colcon.colcon_parallel_executor.executor.parallel:closing loop
[6.068s] DEBUG:colcon.colcon_parallel_executor.executor.parallel:loop closed
[6.068s] DEBUG:colcon.colcon_parallel_executor.executor.parallel:run_until_complete finished with '0'
[6.069s] DEBUG:colcon.colcon_core.event_reactor:joining thread
[6.091s] INFO:colcon.colcon_core.plugin_system:Skipping extension 'colcon_notification.desktop_notification.notify_send': Could not find 'notify-send'
[6.092s] INFO:colcon.colcon_core.plugin_system:Skipping extension 'colcon_notification.desktop_notification.terminal_notifier': Not used on non-Darwin systems
[6.092s] INFO:colcon.colcon_core.plugin_system:Skipping extension 'colcon_notification.desktop_notification.win32': Not used on non-Windows systems
[6.092s] INFO:colcon.colcon_notification.desktop_notification:Sending desktop notification using 'notify2'
[6.095s] DEBUG:colcon.colcon_notification.desktop_notification.notify2:Failed to initialize notify2: org.freedesktop.DBus.Error.ServiceUnknown: The name org.freedesktop.Notifications was not provided by any .service files
[6.095s] DEBUG:colcon.colcon_core.event_reactor:joined thread
[6.096s] INFO:colcon.colcon_core.shell:Creating prefix script '/home/kk/kk_ws/src/strider_package/install/local_setup.ps1'
[6.100s] INFO:colcon.colcon_core.shell:Creating prefix util module '/home/kk/kk_ws/src/strider_package/install/_local_setup_util_ps1.py'
[6.109s] INFO:colcon.colcon_core.shell:Creating prefix chain script '/home/kk/kk_ws/src/strider_package/install/setup.ps1'
[6.117s] INFO:colcon.colcon_core.shell:Creating prefix script '/home/kk/kk_ws/src/strider_package/install/local_setup.sh'
[6.120s] INFO:colcon.colcon_core.shell:Creating prefix util module '/home/kk/kk_ws/src/strider_package/install/_local_setup_util_sh.py'
[6.123s] INFO:colcon.colcon_core.shell:Creating prefix chain script '/home/kk/kk_ws/src/strider_package/install/setup.sh'
[6.129s] INFO:colcon.colcon_core.shell:Creating prefix script '/home/kk/kk_ws/src/strider_package/install/local_setup.bash'
[6.131s] INFO:colcon.colcon_core.shell:Creating prefix chain script '/home/kk/kk_ws/src/strider_package/install/setup.bash'
[6.137s] INFO:colcon.colcon_core.shell:Creating prefix script '/home/kk/kk_ws/src/strider_package/install/local_setup.zsh'
[6.139s] INFO:colcon.colcon_core.shell:Creating prefix chain script '/home/kk/kk_ws/src/strider_package/install/setup.zsh'
