running egg_info
writing build/strider_package/strider_package.egg-info/PKG-INFO
writing dependency_links to build/strider_package/strider_package.egg-info/dependency_links.txt
writing entry points to build/strider_package/strider_package.egg-info/entry_points.txt
writing requirements to build/strider_package/strider_package.egg-info/requires.txt
writing top-level names to build/strider_package/strider_package.egg-info/top_level.txt
reading manifest file 'build/strider_package/strider_package.egg-info/SOURCES.txt'
writing manifest file 'build/strider_package/strider_package.egg-info/SOURCES.txt'
running build
running build_py
copying strider_package/adjust.py -> /home/kk/kk_ws/src/strider_package/build/strider_package/build/lib/strider_package
running install
running install_lib
copying /home/kk/kk_ws/src/strider_package/build/strider_package/build/lib/strider_package/adjust.py -> /home/kk/kk_ws/src/strider_package/install/strider_package/lib/python3.10/site-packages/strider_package
byte-compiling /home/kk/kk_ws/src/strider_package/install/strider_package/lib/python3.10/site-packages/strider_package/adjust.py to adjust.cpython-310.pyc
running install_data
running install_egg_info
removing '/home/kk/kk_ws/src/strider_package/install/strider_package/lib/python3.10/site-packages/strider_package-0.0.0-py3.10.egg-info' (and everything under it)
Copying build/strider_package/strider_package.egg-info to /home/kk/kk_ws/src/strider_package/install/strider_package/lib/python3.10/site-packages/strider_package-0.0.0-py3.10.egg-info
running install_scripts
Installing adjust script to /home/kk/kk_ws/src/strider_package/install/strider_package/lib/strider_package
writing list of installed files to '/home/kk/kk_ws/src/strider_package/build/strider_package/install.log'
