[2.913s] Invoking command in '/home/kk/kk_ws/src/strider_package': PYTHONPATH=/home/kk/kk_ws/src/strider_package/build/strider_package/prefix_override:/usr/lib/python3/dist-packages/colcon_core/task/python/colcon_distutils_commands:/home/kk/kk_ws/src/strider_package/install/strider_package/lib/python3.10/site-packages:${PYTHONPATH} /usr/bin/python3 -W ignore:setup.py install is deprecated -W ignore:easy_install command is deprecated setup.py egg_info --egg-base build/strider_package build --build-base /home/kk/kk_ws/src/strider_package/build/strider_package/build install --record /home/kk/kk_ws/src/strider_package/build/strider_package/install.log --single-version-externally-managed install_data
[4.084s] running egg_info
[4.087s] writing build/strider_package/strider_package.egg-info/PKG-INFO
[4.088s] writing dependency_links to build/strider_package/strider_package.egg-info/dependency_links.txt
[4.089s] writing entry points to build/strider_package/strider_package.egg-info/entry_points.txt
[4.090s] writing requirements to build/strider_package/strider_package.egg-info/requires.txt
[4.091s] writing top-level names to build/strider_package/strider_package.egg-info/top_level.txt
[4.100s] reading manifest file 'build/strider_package/strider_package.egg-info/SOURCES.txt'
[4.104s] writing manifest file 'build/strider_package/strider_package.egg-info/SOURCES.txt'
[4.105s] running build
[4.105s] running build_py
[4.106s] copying strider_package/adjust.py -> /home/kk/kk_ws/src/strider_package/build/strider_package/build/lib/strider_package
[4.107s] running install
[4.109s] running install_lib
[4.112s] copying /home/kk/kk_ws/src/strider_package/build/strider_package/build/lib/strider_package/adjust.py -> /home/kk/kk_ws/src/strider_package/install/strider_package/lib/python3.10/site-packages/strider_package
[4.115s] byte-compiling /home/kk/kk_ws/src/strider_package/install/strider_package/lib/python3.10/site-packages/strider_package/adjust.py to adjust.cpython-310.pyc
[4.127s] running install_data
[4.128s] running install_egg_info
[4.135s] removing '/home/kk/kk_ws/src/strider_package/install/strider_package/lib/python3.10/site-packages/strider_package-0.0.0-py3.10.egg-info' (and everything under it)
[4.136s] Copying build/strider_package/strider_package.egg-info to /home/kk/kk_ws/src/strider_package/install/strider_package/lib/python3.10/site-packages/strider_package-0.0.0-py3.10.egg-info
[4.143s] running install_scripts
[4.232s] Installing adjust script to /home/kk/kk_ws/src/strider_package/install/strider_package/lib/strider_package
[4.235s] writing list of installed files to '/home/kk/kk_ws/src/strider_package/build/strider_package/install.log'
[4.361s] Invoked command in '/home/kk/kk_ws/src/strider_package' returned '0': PYTHONPATH=/home/kk/kk_ws/src/strider_package/build/strider_package/prefix_override:/usr/lib/python3/dist-packages/colcon_core/task/python/colcon_distutils_commands:/home/kk/kk_ws/src/strider_package/install/strider_package/lib/python3.10/site-packages:${PYTHONPATH} /usr/bin/python3 -W ignore:setup.py install is deprecated -W ignore:easy_install command is deprecated setup.py egg_info --egg-base build/strider_package build --build-base /home/kk/kk_ws/src/strider_package/build/strider_package/build install --record /home/kk/kk_ws/src/strider_package/build/strider_package/install.log --single-version-externally-managed install_data
